Build started 7/21/2016 4:59:41 PM.
     1>Project "C:\Users\C3\Dev\Protobyte_0.1.6_quark\Protobyte\Projects\protobyteTestApp01\protobyteTestApp01\protobyteTestApp01.vcxproj" on node 2 (Build target(s)).
     1>ClCompile:
         C:\Program Files (x86)\Microsoft Visual Studio 14.0\VC\bin\x86_amd64\CL.exe /c /I..\..\..\OtherLibs\glad_4.5_compatability\include /I"..\..\..\OtherLibs\glfw-3.2.bin.WIN64\include" /I"..\..\..\OtherLibs\glm-0.9.7.6\glm" /I..\..\..\OtherLibs\FreeImage\Dist /IC:\Users\C3\Dev\Protobyte_0.1.6_quark\Protobyte\ProtoInclude /I..\..\..\ProtoInclude /ZI /nologo /W3 /WX- /sdl /Od /D _MBCS /Gm /EHsc /RTC1 /MDd /GS /fp:precise /Zc:wchar_t /Zc:forScope /Zc:inline /Fo"x64\Debug\\" /Fd"x64\Debug\vc140.pdb" /Gd /TP /errorReport:prompt ProtoController.cpp ProtoMain.cpp
         ProtoMain.cpp
     1>c:\users\c3\dev\protobyte_0.1.6_quark\protobyte\protoinclude\protobaseapp.h(43): warning C4067: unexpected tokens following preprocessor directive - expected a newline
     1>c:\users\c3\dev\protobyte_0.1.6_quark\protobyte\protoinclude\protolight.h(93): warning C4305: '=': truncation from 'double' to 'float'
     1>c:\users\c3\dev\protobyte_0.1.6_quark\protobyte\protoinclude\protodimension3.h(28): warning C4067: unexpected tokens following preprocessor directive - expected a newline
     1>c:\users\c3\dev\protobyte_0.1.6_quark\protobyte\protoinclude\protoshape3.h(59): warning C4005: 'GetCurrentDir': macro redefinition
         c:\users\c3\dev\protobyte_0.1.6_quark\protobyte\protoinclude\protoutility.h(62): note: see previous definition of 'GetCurrentDir'
     1>c:\users\c3\dev\protobyte_0.1.6_quark\protobyte\protoinclude\protoworld.h(326): warning C4305: 'argument': truncation from 'double' to 'float'
     1>c:\users\c3\dev\protobyte_0.1.6_quark\protobyte\protoinclude\prototoroid.h(60): warning C4305: 'initializing': truncation from 'double' to 'float'
     1>c:\users\c3\dev\protobyte_0.1.6_quark\protobyte\protoinclude\protocephalopod.h(128): warning C4244: 'return': conversion from 'time_t' to 'long', possible loss of data
     1>c:\users\c3\dev\protobyte_0.1.6_quark\protobyte\protoinclude\protobaseapp.h(722): warning C4244: '=': conversion from 'float' to 'int', possible loss of data
     1>c:\users\c3\dev\protobyte_0.1.6_quark\protobyte\projects\protobytetestapp01\protobytetestapp01\protocontroller.h(11): error C2504: 'ProtoBaseApp': base class undefined
     1>c:\users\c3\dev\protobyte_0.1.6_quark\protobyte\projects\protobytetestapp01\protobytetestapp01\protomain.cpp(6): error C2664: 'ijg::ProtoPlasm::ProtoPlasm(ijg::ProtoPlasm &&)': cannot convert argument 4 from 'ProtoController *' to 'ijg::ProtoBaseApp *'
         c:\users\c3\dev\protobyte_0.1.6_quark\protobyte\projects\protobytetestapp01\protobytetestapp01\protomain.cpp(6): note: Types pointed to are unrelated; conversion requires reinterpret_cast, C-style cast or function-style cast
         ProtoController.cpp
     1>c:\users\c3\dev\protobyte_0.1.6_quark\protobyte\protoinclude\protobaseapp.h(43): warning C4067: unexpected tokens following preprocessor directive - expected a newline
     1>c:\users\c3\dev\protobyte_0.1.6_quark\protobyte\protoinclude\protolight.h(93): warning C4305: '=': truncation from 'double' to 'float'
     1>c:\users\c3\dev\protobyte_0.1.6_quark\protobyte\protoinclude\protodimension3.h(28): warning C4067: unexpected tokens following preprocessor directive - expected a newline
     1>c:\users\c3\dev\protobyte_0.1.6_quark\protobyte\protoinclude\protoshape3.h(59): warning C4005: 'GetCurrentDir': macro redefinition
         c:\users\c3\dev\protobyte_0.1.6_quark\protobyte\protoinclude\protoutility.h(62): note: see previous definition of 'GetCurrentDir'
     1>c:\users\c3\dev\protobyte_0.1.6_quark\protobyte\protoinclude\protoworld.h(326): warning C4305: 'argument': truncation from 'double' to 'float'
     1>c:\users\c3\dev\protobyte_0.1.6_quark\protobyte\protoinclude\prototoroid.h(60): warning C4305: 'initializing': truncation from 'double' to 'float'
     1>c:\users\c3\dev\protobyte_0.1.6_quark\protobyte\protoinclude\protocephalopod.h(128): warning C4244: 'return': conversion from 'time_t' to 'long', possible loss of data
     1>c:\users\c3\dev\protobyte_0.1.6_quark\protobyte\protoinclude\protobaseapp.h(722): warning C4244: '=': conversion from 'float' to 'int', possible loss of data
     1>c:\users\c3\dev\protobyte_0.1.6_quark\protobyte\projects\protobytetestapp01\protobytetestapp01\protocontroller.h(11): error C2504: 'ProtoBaseApp': base class undefined
         Generating Code...
     1>Done Building Project "C:\Users\C3\Dev\Protobyte_0.1.6_quark\Protobyte\Projects\protobyteTestApp01\protobyteTestApp01\protobyteTestApp01.vcxproj" (Build target(s)) -- FAILED.

Build FAILED.

Time Elapsed 00:00:02.26
