Build started 7/20/2016 12:43:18 PM.
     1>Project "C:\Users\C3\Dev\Protobyte_0.1.6_quark\Protobyte\Projects\protobyteTestApp01\protobyteTestApp01\protobyteTestApp01.vcxproj" on node 2 (Build target(s)).
     1>Link:
         C:\Program Files (x86)\Microsoft Visual Studio 14.0\VC\bin\link.exe /ERRORREPORT:PROMPT /OUT:"C:\Users\C3\Dev\Protobyte_0.1.6_quark\Protobyte\Projects\protobyteTestApp01\Debug\protobyteTestApp01.exe" /INCREMENTAL /NOLOGO /LIBPATH:..\..\..\OtherLibs\glad\src /LIBPATH:"..\..\..\OtherLibs\glfw-3.2.bin.WIN64\lib-vc2015" glad.lib opengl32.lib glfw3.lib kernel32.lib user32.lib gdi32.lib winspool.lib comdlg32.lib advapi32.lib shell32.lib ole32.lib oleaut32.lib uuid.lib odbc32.lib odbccp32.lib /MANIFEST /MANIFESTUAC:"level='asInvoker' uiAccess='false'" /manifest:embed /Debug /PDB:"C:\Users\C3\Dev\Protobyte_0.1.6_quark\Protobyte\Projects\protobyteTestApp01\Debug\protobyteTestApp01.pdb" /TLBID:1 /DYNAMICBASE /NXCOMPAT /IMPLIB:"C:\Users\C3\Dev\Protobyte_0.1.6_quark\Protobyte\Projects\protobyteTestApp01\Debug\protobyteTestApp01.lib" /MACHINE:X86 Debug\ProtoMain.obj
     1>ProtoMain.obj : error LNK2019: unresolved external symbol _glfwInit referenced in function _main
     1>ProtoMain.obj : error LNK2019: unresolved external symbol _glfwTerminate referenced in function _main
     1>ProtoMain.obj : error LNK2019: unresolved external symbol _glfwSetErrorCallback referenced in function _main
     1>ProtoMain.obj : error LNK2019: unresolved external symbol _glfwWindowHint referenced in function _main
     1>ProtoMain.obj : error LNK2019: unresolved external symbol _glfwCreateWindow referenced in function _main
     1>ProtoMain.obj : error LNK2019: unresolved external symbol _glfwDestroyWindow referenced in function _main
     1>ProtoMain.obj : error LNK2019: unresolved external symbol _glfwWindowShouldClose referenced in function _main
     1>ProtoMain.obj : error LNK2019: unresolved external symbol _glfwSetWindowShouldClose referenced in function "void __cdecl key_callback(struct GLFWwindow *,int,int,int,int)" (?key_callback@@YAXPAUGLFWwindow@@HHHH@Z)
     1>ProtoMain.obj : error LNK2019: unresolved external symbol _glfwGetFramebufferSize referenced in function _main
     1>ProtoMain.obj : error LNK2019: unresolved external symbol _glfwPollEvents referenced in function _main
     1>ProtoMain.obj : error LNK2019: unresolved external symbol _glfwSetKeyCallback referenced in function _main
     1>ProtoMain.obj : error LNK2019: unresolved external symbol _glfwMakeContextCurrent referenced in function _main
     1>ProtoMain.obj : error LNK2019: unresolved external symbol _glfwSwapBuffers referenced in function _main
     1>ProtoMain.obj : error LNK2019: unresolved external symbol _glfwSwapInterval referenced in function _main
     1>ProtoMain.obj : error LNK2019: unresolved external symbol _glfwGetProcAddress referenced in function _main
     1>..\..\..\OtherLibs\glfw-3.2.bin.WIN64\lib-vc2015\glfw3.lib : warning LNK4272: library machine type 'x64' conflicts with target machine type 'X86'
     1>C:\Users\C3\Dev\Protobyte_0.1.6_quark\Protobyte\Projects\protobyteTestApp01\Debug\protobyteTestApp01.exe : fatal error LNK1120: 15 unresolved externals
     1>Done Building Project "C:\Users\C3\Dev\Protobyte_0.1.6_quark\Protobyte\Projects\protobyteTestApp01\protobyteTestApp01\protobyteTestApp01.vcxproj" (Build target(s)) -- FAILED.

Build FAILED.

Time Elapsed 00:00:00.20
