Build started 7/16/2016 2:44:49 PM.
     1>Project "C:\Users\C3\Dev\glfw_vs2015_test\glfw_vs2015_test\glfw_vs2015_test.vcxproj" on node 2 (Build target(s)).
     1>ClCompile:
         C:\Program Files (x86)\Microsoft Visual Studio 14.0\VC\bin\x86_amd64\CL.exe /c /IC:\Users\C3\Dev\glfw_vs2015_test\linmath\include /IC:\Users\C3\Dev\glfw_vs2015_test\glad\include /I"C:\Users\C3\Dev\glfw_vs2015_test\glfw-3.2.bin.WIN64\include" /IC:\Users\C3\Dev\glfw_vs2015_test /ZI /nologo /W3 /WX- /sdl /Od /D _MBCS /Gm /EHsc /RTC1 /MDd /GS /fp:precise /Zc:wchar_t /Zc:forScope /Zc:inline /Fo"x64\Debug\\" /Fd"x64\Debug\vc140.pdb" /Gd /TP /errorReport:prompt myMain.cpp
         myMain.cpp
     1>c:\users\c3\dev\glfw_vs2015_test\glfw_vs2015_test\mymain.cpp(2): warning C4067: unexpected tokens following preprocessor directive - expected a newline
     1>c:\users\c3\dev\glfw_vs2015_test\linmath\include\linmath.h(56): warning C4244: 'initializing': conversion from 'double' to 'float', possible loss of data
     1>c:\users\c3\dev\glfw_vs2015_test\linmath\include\linmath.h(57): warning C4244: 'initializing': conversion from 'double' to 'float', possible loss of data
     1>c:\users\c3\dev\glfw_vs2015_test\linmath\include\linmath.h(58): warning C4244: 'initializing': conversion from 'double' to 'float', possible loss of data
     1>c:\users\c3\dev\glfw_vs2015_test\linmath\include\linmath.h(336): warning C4244: '=': conversion from 'double' to 'float', possible loss of data
     1>c:\users\c3\dev\glfw_vs2015_test\linmath\include\linmath.h(367): warning C4244: 'initializing': conversion from 'double' to 'float', possible loss of data
     1>c:\users\c3\dev\glfw_vs2015_test\linmath\include\linmath.h(367): warning C4244: 'initializing': conversion from 'double' to 'const float', possible loss of data
     1>c:\users\c3\dev\glfw_vs2015_test\glfw_vs2015_test\mymain.cpp(94): error C3861: 'glBegin': identifier not found
     1>c:\users\c3\dev\glfw_vs2015_test\glfw_vs2015_test\mymain.cpp(95): error C3861: 'glEnd': identifier not found
     1>Done Building Project "C:\Users\C3\Dev\glfw_vs2015_test\glfw_vs2015_test\glfw_vs2015_test.vcxproj" (Build target(s)) -- FAILED.

Build FAILED.

Time Elapsed 00:00:00.58
